<?xml version="1.0" encoding="UTF-8"?>
<!-- Generated by org.testng.reporters.JUnitReportReporter -->
<testsuite hostname="LAPTOP-DA4E5QSF" failures="0" tests="1" name="adminpaneltestcase.dashboardtest" time="35.510" errors="0" timestamp="01 Jul 2021 09:47:05 GMT" skipped="0">
  <testcase classname="adminpaneltestcase.dashboardtest" name="dashtest" time="35.510"/>
</testsuite> <!-- adminpaneltestcase.dashboardtest -->
