<?xml version="1.0" encoding="UTF-8"?>
<!-- Generated by org.testng.reporters.JUnitReportReporter -->
<testsuite hostname="LAPTOP-DA4E5QSF" failures="0" tests="1" name="adminpaneltestcase.frontofficetest" time="31.258" errors="0" timestamp="01 Jul 2021 09:47:05 GMT" skipped="0">
  <testcase classname="adminpaneltestcase.frontofficetest" name="visitorpage" time="31.258"/>
</testsuite> <!-- adminpaneltestcase.frontofficetest -->
