<?xml version="1.0" encoding="UTF-8"?>
<!-- Generated by org.testng.reporters.JUnitReportReporter -->
<testsuite hostname="LAPTOP-DA4E5QSF" failures="0" tests="2" name="adminpaneltestcase.pharmacytest" time="55.351" errors="0" timestamp="01 Jul 2021 19:03:51 GMT" skipped="0">
  <testcase classname="adminpaneltestcase.pharmacytest" name="billbuttonclick" time="30.299"/>
  <testcase classname="adminpaneltestcase.pharmacytest" name="enterfields" time="25.052"/>
</testsuite> <!-- adminpaneltestcase.pharmacytest -->
