<?xml version="1.0" encoding="UTF-8"?>
<!-- Generated by org.testng.reporters.JUnitReportReporter -->
<testsuite hostname="LAPTOP-DA4E5QSF" failures="0" tests="3" name="adminpaneltestcase.Logintest" time="36.488" errors="0" timestamp="01 Jul 2021 09:47:05 GMT" skipped="0">
  <testcase classname="adminpaneltestcase.Logintest" name="logintest" time="25.685"/>
  <testcase classname="adminpaneltestcase.Logintest" name="verifytitle" time="5.378"/>
  <testcase classname="adminpaneltestcase.Logintest" name="verifylogo" time="5.425"/>
</testsuite> <!-- adminpaneltestcase.Logintest -->
