<?xml version="1.0" encoding="UTF-8"?>
<!-- Generated by org.testng.reporters.JUnitReportReporter -->
<testsuite hostname="LAPTOP-DA4E5QSF" failures="0" tests="2" name="adminpaneltestcase.visitortest" time="65.125" errors="0" timestamp="01 Jul 2021 09:47:05 GMT" skipped="0">
  <testcase classname="adminpaneltestcase.visitortest" name="enterfield" time="36.553"/>
  <testcase classname="adminpaneltestcase.visitortest" name="addvisitorclick" time="28.572"/>
</testsuite> <!-- adminpaneltestcase.visitortest -->
